0 info it worked if it ends with ok
1 verbose cli [ '/Users/yangleilei/.nvm/versions/node/v7.1.0/bin/node',
1 verbose cli   '/Users/yangleilei/.nvm/versions/node/v7.1.0/bin/npm',
1 verbose cli   'run',
1 verbose cli   'build',
1 verbose cli   '--report' ]
2 info using npm@3.10.9
3 info using node@v7.1.0
4 verbose run-script [ 'prebuild', 'build', 'postbuild' ]
5 info lifecycle nicechat.me@1.0.0~prebuild: nicechat.me@1.0.0
6 silly lifecycle nicechat.me@1.0.0~prebuild: no script for prebuild, continuing
7 info lifecycle nicechat.me@1.0.0~build: nicechat.me@1.0.0
8 verbose lifecycle nicechat.me@1.0.0~build: unsafe-perm in lifecycle true
9 verbose lifecycle nicechat.me@1.0.0~build: PATH: /Users/yangleilei/.nvm/versions/node/v7.1.0/lib/node_modules/npm/bin/node-gyp-bin:/Users/yangleilei/Lib/www.nicechat.com/node_modules/.bin:/Users/yangleilei/.yarn/bin:/usr/local/opt/icu4c/sbin:/usr/local/opt/icu4c/bin:/Users/yangleilei/.nvm/versions/node/v7.1.0/bin:/usr/local/bin:/usr/bin:/bin:/usr/sbin:/sbin:/Library/Frameworks/Mono.framework/Versions/Current/Commands
10 verbose lifecycle nicechat.me@1.0.0~build: CWD: /Users/yangleilei/Lib/www.nicechat.com
11 silly lifecycle nicechat.me@1.0.0~build: Args: [ '-c', 'node build/build.js' ]
12 silly lifecycle nicechat.me@1.0.0~build: Returned: code: 1  signal: null
13 info lifecycle nicechat.me@1.0.0~build: Failed to exec build script
14 verbose stack Error: nicechat.me@1.0.0 build: `node build/build.js`
14 verbose stack Exit status 1
14 verbose stack     at EventEmitter.<anonymous> (/Users/yangleilei/.nvm/versions/node/v7.1.0/lib/node_modules/npm/lib/utils/lifecycle.js:255:16)
14 verbose stack     at emitTwo (events.js:106:13)
14 verbose stack     at EventEmitter.emit (events.js:191:7)
14 verbose stack     at ChildProcess.<anonymous> (/Users/yangleilei/.nvm/versions/node/v7.1.0/lib/node_modules/npm/lib/utils/spawn.js:40:14)
14 verbose stack     at emitTwo (events.js:106:13)
14 verbose stack     at ChildProcess.emit (events.js:191:7)
14 verbose stack     at maybeClose (internal/child_process.js:885:16)
14 verbose stack     at Process.ChildProcess._handle.onexit (internal/child_process.js:226:5)
15 verbose pkgid nicechat.me@1.0.0
16 verbose cwd /Users/yangleilei/Lib/www.nicechat.com
17 error Darwin 16.3.0
18 error argv "/Users/yangleilei/.nvm/versions/node/v7.1.0/bin/node" "/Users/yangleilei/.nvm/versions/node/v7.1.0/bin/npm" "run" "build" "--report"
19 error node v7.1.0
20 error npm  v3.10.9
21 error code ELIFECYCLE
22 error nicechat.me@1.0.0 build: `node build/build.js`
22 error Exit status 1
23 error Failed at the nicechat.me@1.0.0 build script 'node build/build.js'.
23 error Make sure you have the latest version of node.js and npm installed.
23 error If you do, this is most likely a problem with the nicechat.me package,
23 error not with npm itself.
23 error Tell the author that this fails on your system:
23 error     node build/build.js
23 error You can get information on how to open an issue for this project with:
23 error     npm bugs nicechat.me
23 error Or if that isn't available, you can get their info via:
23 error     npm owner ls nicechat.me
23 error There is likely additional logging output above.
24 verbose exit [ 1, true ]
